<?xml version="1.0" encoding="UTF-8"?>
<!-- Generated by org.testng.reporters.JUnitReportReporter -->
<testsuite hostname="DESKTOP-UAID2SU" failures="0" tests="4" name="testng.EnableDisableClass" time="0.005" errors="0" timestamp="2021-06-15T16:31:21 IST" skipped="2">
  <testcase classname="testng.EnableDisableClass" name="testcase1" time="0.002"/>
  <system-out/>
  <testcase classname="testng.EnableDisableClass" name="testcase3" time="0.003"/>
  <system-out/>
  <testcase classname="testng.EnableDisableClass" name="testcase2">
    <skipped/>
  </testcase> <!-- testcase2 -->
  <system-out/>
  <testcase classname="testng.EnableDisableClass" name="testcase4">
    <skipped/>
  </testcase> <!-- testcase4 -->
  <system-out/>
</testsuite> <!-- testng.EnableDisableClass -->
