<?xml version="1.0" encoding="UTF-8"?>
<!-- Generated by org.testng.reporters.JUnitReportReporter -->
<testsuite hostname="DESKTOP-UAID2SU" failures="0" tests="1" name="xpath.XpathClass" time="29.201" errors="0" timestamp="2021-06-22T18:03:45 IST" skipped="0">
  <testcase classname="xpath.XpathClass" name="setup" time="29.201"/>
  <system-out/>
</testsuite> <!-- xpath.XpathClass -->
