<?xml version="1.0" encoding="UTF-8"?>
<!-- Generated by org.testng.reporters.JUnitReportReporter -->
<testsuite hostname="DESKTOP-UAID2SU" failures="0" tests="1" name="para.ChromeClass" time="53.857" errors="0" timestamp="2021-06-15T16:25:09 IST" skipped="0">
  <testcase classname="para.ChromeClass" name="chromemethod" time="53.857"/>
  <system-out/>
</testsuite> <!-- para.ChromeClass -->
