<?xml version="1.0" encoding="UTF-8"?>
<!-- Generated by org.testng.reporters.JUnitReportReporter -->
<testsuite hostname="DESKTOP-UAID2SU" failures="0" tests="2" name="testng.TestNG" time="0.018" errors="0" timestamp="2021-06-13T17:45:21 IST" skipped="0">
  <testcase classname="testng.TestNG" name="testcase2" time="0.005"/>
  <system-out/>
  <testcase classname="testng.TestNG" name="testcase" time="0.013"/>
  <system-out/>
</testsuite> <!-- testng.TestNG -->
