<?xml version="1.0" encoding="UTF-8"?>
<!-- Generated by org.testng.reporters.JUnitReportReporter -->
<testsuite hostname="DESKTOP-UAID2SU" failures="0" tests="3" name="testng.DemoClass" time="90.277" errors="0" timestamp="2021-06-13T18:45:09 IST" skipped="0">
  <testcase classname="testng.DemoClass" name="validlogin" time="24.926"/>
  <system-out/>
  <testcase classname="testng.DemoClass" name="invalidlogin" time="30.307"/>
  <system-out/>
  <testcase classname="testng.DemoClass" name="invalidblank" time="35.044"/>
  <system-out/>
</testsuite> <!-- testng.DemoClass -->
