<?xml version="1.0" encoding="UTF-8"?>
<!-- Generated by org.testng.reporters.JUnitReportReporter -->
<testsuite hostname="DESKTOP-UAID2SU" failures="0" tests="2" name="testng.GroupingClass" time="0.015" errors="0" timestamp="2021-06-15T16:31:21 IST" skipped="0">
  <testcase classname="testng.GroupingClass" name="testcase2" time="0.012"/>
  <system-out/>
  <testcase classname="testng.GroupingClass" name="testcase4" time="0.003"/>
  <system-out/>
</testsuite> <!-- testng.GroupingClass -->
