<?xml version="1.0" encoding="UTF-8"?>
<!-- Generated by org.testng.reporters.JUnitReportReporter -->
<testsuite hostname="DESKTOP-UAID2SU" failures="0" tests="1" name="xpath.XpathClass" time="62.111" errors="0" timestamp="2021-06-22T16:46:15 IST" skipped="0">
  <testcase classname="xpath.XpathClass" name="setup" time="62.111"/>
  <system-out/>
</testsuite> <!-- xpath.XpathClass -->
