<?xml version="1.0" encoding="UTF-8"?>
<!-- Generated by org.testng.reporters.JUnitReportReporter -->
<testsuite hostname="DESKTOP-UAID2SU" failures="0" tests="1" name="action.ActionClass" time="41.569" errors="0" timestamp="2021-07-03T16:42:28 IST" skipped="0">
  <testcase classname="action.ActionClass" name="testmethod" time="41.569"/>
  <system-out/>
</testsuite> <!-- action.ActionClass -->
