<?xml version="1.0" encoding="UTF-8"?>
<!-- Generated by org.testng.reporters.JUnitReportReporter -->
<testsuite hostname="DESKTOP-UAID2SU" failures="0" tests="5" name="dataprovider.DataProviderClass" time="0.021" errors="0" timestamp="2021-06-15T17:35:01 IST" skipped="0">
  <testcase classname="dataprovider.DataProviderClass" name="testnew" time="0.003"/>
  <system-out/>
  <testcase classname="dataprovider.DataProviderClass" name="test" time="0.009"/>
  <system-out/>
  <testcase classname="dataprovider.DataProviderClass" name="testnew" time="0.003"/>
  <system-out/>
  <testcase classname="dataprovider.DataProviderClass" name="test" time="0.002"/>
  <system-out/>
  <testcase classname="dataprovider.DataProviderClass" name="testnew" time="0.004"/>
  <system-out/>
</testsuite> <!-- dataprovider.DataProviderClass -->
